[32320:6248507:1203/082232.349888:INFO:components/enterprise/browser/controller/chrome_browser_cloud_management_controller.cc:206] No machine level policy manager exists.
[32320:6248507:1203/082235.846490:INFO:CONSOLE:0] "Mixed Content: The page at 'https://automationexercise.com/' was loaded over HTTPS, but requested an insecure stylesheet 'http://fonts.googleapis.com/css?family=Roboto:400,300,400italic,500,700,100'. This request has been blocked; the content must be served over HTTPS.", source: https://automationexercise.com/ (0)
[32320:6248507:1203/082235.847157:INFO:CONSOLE:0] "Mixed Content: The page at 'https://automationexercise.com/' was loaded over HTTPS, but requested an insecure stylesheet 'http://fonts.googleapis.com/css?family=Open+Sans:400,800,300,600,700'. This request has been blocked; the content must be served over HTTPS.", source: https://automationexercise.com/ (0)
[32320:6248507:1203/082235.847176:INFO:CONSOLE:0] "Mixed Content: The page at 'https://automationexercise.com/' was loaded over HTTPS, but requested an insecure stylesheet 'http://fonts.googleapis.com/css?family=Abel'. This request has been blocked; the content must be served over HTTPS.", source: https://automationexercise.com/ (0)
[32320:6248507:1203/082237.345106:INFO:CONSOLE:19] "Mixed Content: The page at 'https://automationexercise.com/products' was loaded over HTTPS, but requested an insecure stylesheet 'http://fonts.googleapis.com/css?family=Roboto:400,300,400italic,500,700,100'. This request has been blocked; the content must be served over HTTPS.", source: https://automationexercise.com/products (19)
[32320:6248507:1203/082237.346360:INFO:CONSOLE:19] "Mixed Content: The page at 'https://automationexercise.com/products' was loaded over HTTPS, but requested an insecure stylesheet 'http://fonts.googleapis.com/css?family=Open+Sans:400,800,300,600,700'. This request has been blocked; the content must be served over HTTPS.", source: https://automationexercise.com/products (19)
[32320:6248507:1203/082237.346410:INFO:CONSOLE:19] "Mixed Content: The page at 'https://automationexercise.com/products' was loaded over HTTPS, but requested an insecure stylesheet 'http://fonts.googleapis.com/css?family=Abel'. This request has been blocked; the content must be served over HTTPS.", source: https://automationexercise.com/products (19)
[32320:6248639:1203/082237.370335:ERROR:base/process/process_mac.cc:53] task_policy_set TASK_CATEGORY_POLICY: (os/kern) invalid argument (4)
[32320:6248639:1203/082237.370376:ERROR:base/process/process_mac.cc:98] task_policy_set TASK_SUPPRESSION_POLICY: (os/kern) invalid argument (4)
[32320:6248507:1203/082238.151168:INFO:CONSOLE:0] "Refused to execute script from 'https://googleads.g.doubleclick.net/pagead/html/r20251202/r20190131/mraid.js' because its MIME type ('text/html') is not executable, and strict MIME type checking is enabled.", source: https://googleads.g.doubleclick.net/pagead/html/r20251202/r20190131/zrt_lookup_fy2021.html (0)
[32320:6248639:1203/082239.443544:ERROR:base/process/process_mac.cc:98] task_policy_set TASK_SUPPRESSION_POLICY: (os/kern) invalid argument (4)
[32320:6248639:1203/082239.445668:ERROR:base/process/process_mac.cc:98] task_policy_set TASK_SUPPRESSION_POLICY: (os/kern) invalid argument (4)
[32320:6248639:1203/082239.445753:ERROR:base/process/process_mac.cc:98] task_policy_set TASK_SUPPRESSION_POLICY: (os/kern) invalid argument (4)
[32320:6248507:1203/082239.451140:INFO:CONSOLE:19] "Mixed Content: The page at 'https://automationexercise.com/' was loaded over HTTPS, but requested an insecure stylesheet 'http://fonts.googleapis.com/css?family=Roboto:400,300,400italic,500,700,100'. This request has been blocked; the content must be served over HTTPS.", source: https://automationexercise.com/ (19)
[32320:6248507:1203/082239.451173:INFO:CONSOLE:19] "Mixed Content: The page at 'https://automationexercise.com/' was loaded over HTTPS, but requested an insecure stylesheet 'http://fonts.googleapis.com/css?family=Open+Sans:400,800,300,600,700'. This request has been blocked; the content must be served over HTTPS.", source: https://automationexercise.com/ (19)
[32320:6248507:1203/082239.451191:INFO:CONSOLE:19] "Mixed Content: The page at 'https://automationexercise.com/' was loaded over HTTPS, but requested an insecure stylesheet 'http://fonts.googleapis.com/css?family=Abel'. This request has been blocked; the content must be served over HTTPS.", source: https://automationexercise.com/ (19)
[32320:6248639:1203/082239.454772:ERROR:base/process/process_mac.cc:53] task_policy_set TASK_CATEGORY_POLICY: (os/kern) invalid argument (4)
[32320:6248639:1203/082239.454787:ERROR:base/process/process_mac.cc:98] task_policy_set TASK_SUPPRESSION_POLICY: (os/kern) invalid argument (4)
[32320:6248639:1203/082239.454802:ERROR:base/process/process_mac.cc:53] task_policy_set TASK_CATEGORY_POLICY: (os/kern) invalid argument (4)
[32320:6248639:1203/082239.454809:ERROR:base/process/process_mac.cc:98] task_policy_set TASK_SUPPRESSION_POLICY: (os/kern) invalid argument (4)
[32320:6248639:1203/082239.476856:ERROR:base/process/process_mac.cc:53] task_policy_set TASK_CATEGORY_POLICY: (os/kern) invalid argument (4)
[32320:6248639:1203/082239.476876:ERROR:base/process/process_mac.cc:98] task_policy_set TASK_SUPPRESSION_POLICY: (os/kern) invalid argument (4)
[32320:6248507:1203/082240.073870:INFO:CONSOLE:0] "Refused to execute script from 'https://googleads.g.doubleclick.net/pagead/html/r20251202/r20190131/mraid.js' because its MIME type ('text/html') is not executable, and strict MIME type checking is enabled.", source: https://googleads.g.doubleclick.net/pagead/html/r20251202/r20190131/zrt_lookup_fy2021.html (0)
[32320:6248507:1203/082240.382235:INFO:CONSOLE:0] "Refused to execute script from 'https://googleads.g.doubleclick.net/pagead/mraid.js' because its MIME type ('text/html') is not executable, and strict MIME type checking is enabled.", source: https://googleads.g.doubleclick.net/pagead/ads?gdpr=0&client=ca-pub-1677597403311019&output=html&h=600&adk=1963280680&adf=1292957221&pi=t.aa~a.3884009241~rp.4&w=263&fwrn=4&fwrnh=100&lmt=1764775359&rafmt=1&to=qs&pwprc=4334590153&format=263x600&url=https%3A%2F%2Fautomationexercise.com%2F&fwr=0&pra=3&rpe=1&resp_fmts=4&wgl=1&aieuf=1&aicrs=1&fa=40&uach=WyJtYWNPUyIsIjI2LjEuMCIsImFybSIsIiIsIjE0Mi4wLjc0NDQuMTc3IixudWxsLDAsbnVsbCwiNjQiLFtbIkNocm9taXVtIiwiMTQyLjAuNzQ0NC4xNzciXSxbIkdvb2dsZSBDaHJvbWUiLCIxNDIuMC43NDQ0LjE3NyJdLFsiTm90X0EgQnJhbmQiLCI5OS4wLjAuMCJdXSwwXQ..&abgtt=6&dt=1764775359905&bpp=1&bdt=474&idt=-M&shv=r20251202&mjsv=m202511120101&ptt=9&saldr=aa&abxe=1&cookie=ID%3D11d6dd82f75d3a2a%3AT%3D1764775356%3ART%3D1764775356%3AS%3DALNI_MYe-p3wBJI2KOCWkzjlNQAWZO6p_A&gpic=UID%3D000012cddd3f62b8%3AT%3D1764775356%3ART%3D1764775356%3AS%3DALNI_MaWdi4TRdiMgrcyyaDwd2tEgEHP-w&eo_id_str=ID%3D5ec246e230cdd5d1%3AT%3D1764775356%3ART%3D1764775356%3AS%3DAA-AfjbbeSaO1Jf8LN4K8I-e6a3p&prev_fmts=0x0&nras=2&correlator=2420703593776&frm=20&pv=1&u_tz=-420&u_his=4&u_h=900&u_w=1440&u_ah=869&u_aw=1440&u_cd=30&u_sd=2&dmc=8&adx=30&ady=834&biw=1200&bih=686&scr_x=0&scr_y=0&eid=95376242%2C95376120&oid=2&pvsid=1413468673553164&tmod=1472237853&uas=0&nvt=1&fc=1920&brdim=22%2C53%2C22%2C53%2C1440%2C31%2C1200%2C825%2C1200%2C686&vis=1&rsz=%7C%7Cs%7C&abl=NS&fu=128&bc=31&bz=1&ifi=2&uci=a!2&btvi=1&fsb=1&dtd=58 (0)
[32320:6248583:1203/082241.954004:ERROR:google_apis/gcm/engine/registration_request.cc:292] Registration response error message: DEPRECATED_ENDPOINT
[32320:6248583:1203/082304.105917:ERROR:google_apis/gcm/engine/registration_request.cc:292] Registration response error message: DEPRECATED_ENDPOINT
